生成启动时间为 2019/2/26 14:48:33。
     1>项目“D:\git\TestCreation\TestCreation\TestCreation\TestCreation.vcxproj”在节点 2 上(Build 个目标)。
     1>ClCompile:
         C:\Program Files (x86)\Microsoft Visual Studio 11.0\VC\bin\CL.exe /c /ZI /nologo /W3 /WX- /Od /Oy- /D WIN32 /D _DEBUG /D _CONSOLE /D _UNICODE /D UNICODE /Gm /EHsc /RTC1 /MDd /GS /fp:precise /Zc:wchar_t /Zc:forScope /Fo"Debug\\" /Fd"Debug\vc110.pdb" /Gd /TP /analyze- /errorReport:prompt main.cpp
         main.cpp
       Link:
         C:\Program Files (x86)\Microsoft Visual Studio 11.0\VC\bin\link.exe /ERRORREPORT:PROMPT /OUT:"D:\git\TestCreation\TestCreation\Debug\TestCreation.exe" /INCREMENTAL /NOLOGO kernel32.lib user32.lib gdi32.lib winspool.lib comdlg32.lib advapi32.lib shell32.lib ole32.lib oleaut32.lib uuid.lib odbc32.lib odbccp32.lib /MANIFEST /MANIFESTUAC:"level='asInvoker' uiAccess='false'" /manifest:embed /DEBUG /PDB:"D:\git\TestCreation\TestCreation\Debug\TestCreation.pdb" /SUBSYSTEM:CONSOLE /TLBID:1 /DYNAMICBASE /NXCOMPAT /IMPLIB:"D:\git\TestCreation\TestCreation\Debug\TestCreation.lib" /MACHINE:X86 Debug\TestCreation.res
         Debug\main.obj
         Debug\newmain.obj
     1>newmain.obj : error LNK2005: "class Problems test" (?test@@3VProblems@@A) 已经在 main.obj 中定义
     1>newmain.obj : error LNK2005: "class Problems newtest" (?newtest@@3VProblems@@A) 已经在 main.obj 中定义
     1>D:\git\TestCreation\TestCreation\Debug\TestCreation.exe : fatal error LNK1169: 找到一个或多个多重定义的符号
     1>已完成生成项目“D:\git\TestCreation\TestCreation\TestCreation\TestCreation.vcxproj”(Build 个目标)的操作 - 失败。

生成失败。

已用时间 00:00:01.88
